<?xml version="1.0" encoding="UTF-8"?>
<testng-results skipped="0" failed="0" ignored="0" total="2" passed="2">
  <reporter-output>
  </reporter-output>
  <suite name="Default suite" duration-ms="21672" started-at="2019-12-17T13:51:48Z" finished-at="2019-12-17T13:52:09Z">
    <groups>
      <group name="cucumber">
        <method signature="AbstractTestNGCucumberTests.feature(cucumber.api.testng.CucumberFeatureWrapper)[pri:0, instance:steps_defination.RunTests@57baeedf]" name="feature" class="cucumber.api.testng.AbstractTestNGCucumberTests"/>
      </group> <!-- cucumber -->
    </groups>
    <test name="Default test" duration-ms="21672" started-at="2019-12-17T13:51:48Z" finished-at="2019-12-17T13:52:09Z">
      <class name="steps_defination.RunTests">
        <test-method status="PASS" signature="setUpClass()[pri:0, instance:steps_defination.RunTests@57baeedf]" name="setUpClass" is-config="true" duration-ms="348" started-at="2019-12-17T13:51:48Z" finished-at="2019-12-17T13:51:48Z">
          <reporter-output>
          </reporter-output>
        </test-method> <!-- setUpClass -->
        <test-method status="PASS" signature="feature(cucumber.api.testng.CucumberFeatureWrapper)[pri:0, instance:steps_defination.RunTests@57baeedf]" name="feature" duration-ms="21045" started-at="2019-12-17T13:51:48Z" description="Runs Cucumber Feature" data-provider="features" finished-at="2019-12-17T13:52:09Z">
          <params>
            <param index="0">
              <value>
                <![CDATA[This is a test]]>
              </value>
            </param>
          </params>
          <reporter-output>
          </reporter-output>
        </test-method> <!-- feature -->
        <test-method status="PASS" signature="feature(cucumber.api.testng.CucumberFeatureWrapper)[pri:0, instance:steps_defination.RunTests@57baeedf]" name="feature" duration-ms="7" started-at="2019-12-17T13:52:09Z" description="Runs Cucumber Feature" data-provider="features" finished-at="2019-12-17T13:52:09Z">
          <params>
            <param index="0">
              <value>
                <![CDATA[this is test2]]>
              </value>
            </param>
          </params>
          <reporter-output>
          </reporter-output>
        </test-method> <!-- feature -->
        <test-method status="PASS" signature="tearDownClass()[pri:0, instance:steps_defination.RunTests@57baeedf]" name="tearDownClass" is-config="true" duration-ms="129" started-at="2019-12-17T13:52:09Z" finished-at="2019-12-17T13:52:09Z">
          <reporter-output>
          </reporter-output>
        </test-method> <!-- tearDownClass -->
      </class> <!-- steps_defination.RunTests -->
    </test> <!-- Default test -->
  </suite> <!-- Default suite -->
</testng-results>
